Tue May  9 08:56:55 2023       
+-----------------------------------------------------------------------------+
| NVIDIA-SMI 525.60.13    Driver Version: 525.60.13    CUDA Version: 12.0     |
|-------------------------------+----------------------+----------------------+
| GPU  Name        Persistence-M| Bus-Id        Disp.A | Volatile Uncorr. ECC |
| Fan  Temp  Perf  Pwr:Usage/Cap|         Memory-Usage | GPU-Util  Compute M. |
|                               |                      |               MIG M. |
|===============================+======================+======================|
|   0  NVIDIA A100-PCI...  On   | 00000000:65:00.0 Off |                    0 |
| N/A   28C    P0    32W / 250W |      0MiB / 40960MiB |      0%      Default |
|                               |                      |             Disabled |
+-------------------------------+----------------------+----------------------+
|   1  NVIDIA A100-PCI...  On   | 00000000:E3:00.0 Off |                    0 |
| N/A   29C    P0    36W / 250W |      0MiB / 40960MiB |      0%      Default |
|                               |                      |             Disabled |
+-------------------------------+----------------------+----------------------+
                                                                               
+-----------------------------------------------------------------------------+
| Processes:                                                                  |
|  GPU   GI   CI        PID   Type   Process name                  GPU Memory |
|        ID   ID                                                   Usage      |
|=============================================================================|
|  No running processes found                                                 |
+-----------------------------------------------------------------------------+
rm: cannot remove '/scratch/network/smohr/cos526/multinerf/checkpoints/shinyblender/toaster_transformer/render': Is a directory
rm: cannot remove '/scratch/network/smohr/cos526/multinerf/checkpoints/shinyblender/toaster_transformer/test_preds': Is a directory
2023-05-09 08:56:58.391565: W tensorflow/compiler/xla/stream_executor/platform/default/dso_loader.cc:64] Could not load dynamic library 'libnvinfer.so.7'; dlerror: libnvinfer.so.7: cannot open shared object file: No such file or directory; LD_LIBRARY_PATH: /usr/local/cudnn/cuda-11.5/8.3.2/lib64:/usr/local/cuda-11.7/lib64
2023-05-09 08:56:58.391623: W tensorflow/compiler/xla/stream_executor/platform/default/dso_loader.cc:64] Could not load dynamic library 'libnvinfer_plugin.so.7'; dlerror: libnvinfer_plugin.so.7: cannot open shared object file: No such file or directory; LD_LIBRARY_PATH: /usr/local/cudnn/cuda-11.5/8.3.2/lib64:/usr/local/cuda-11.7/lib64
2023-05-09 08:56:58.391630: W tensorflow/compiler/tf2tensorrt/utils/py_utils.cc:38] TF-TRT Warning: Cannot dlopen some TensorRT libraries. If you would like to use Nvidia GPU with TensorRT, please make sure the missing libraries mentioned above are installed properly.
I0509 08:57:00.765700 23340540577600 xla_bridge.py:440] Unable to initialize backend 'rocm': NOT_FOUND: Could not find registered platform with name: "rocm". Available platform names are: CUDA Interpreter Host
I0509 08:57:00.766186 23340540577600 xla_bridge.py:440] Unable to initialize backend 'tpu': module 'jaxlib.xla_extension' has no attribute 'get_tpu_client'
I0509 08:57:00.766248 23340540577600 xla_bridge.py:440] Unable to initialize backend 'plugin': xla_extension has no attributes named get_plugin_device_client. Compile TensorFlow with //tensorflow/compiler/xla/python:enable_plugin_device set to true (defaults to false) to enable this.
/scratch/network/smohr/multinerf-env/lib/python3.9/site-packages/jax/_src/xla_bridge.py:643: UserWarning: jax.host_id has been renamed to jax.process_index. This alias will eventually be removed; please update your code.
  warnings.warn(
I0509 08:57:36.032515 23340540577600 checkpoints.py:915] Found no checkpoint files in /scratch/network/smohr/cos526/multinerf/checkpoints/shinyblender/toaster_transformer with prefix checkpoint_
I0509 08:57:58.541745 23340540577600 checkpoints.py:490] Saving checkpoint at step: 1
I0509 08:57:58.559472 23340540577600 checkpoints.py:422] Saved checkpoint at /scratch/network/smohr/cos526/multinerf/checkpoints/shinyblender/toaster_transformer/checkpoint_1
I0509 09:46:48.004966 23340540577600 checkpoints.py:490] Saving checkpoint at step: 10000
I0509 09:46:48.034973 23340540577600 checkpoints.py:422] Saved checkpoint at /scratch/network/smohr/cos526/multinerf/checkpoints/shinyblender/toaster_transformer/checkpoint_10000
I0509 10:35:22.944406 23340540577600 checkpoints.py:490] Saving checkpoint at step: 20000
I0509 10:35:22.967381 23340540577600 checkpoints.py:422] Saved checkpoint at /scratch/network/smohr/cos526/multinerf/checkpoints/shinyblender/toaster_transformer/checkpoint_20000
I0509 11:23:25.960572 23340540577600 checkpoints.py:490] Saving checkpoint at step: 30000
I0509 11:23:26.041806 23340540577600 checkpoints.py:422] Saved checkpoint at /scratch/network/smohr/cos526/multinerf/checkpoints/shinyblender/toaster_transformer/checkpoint_30000
I0509 12:11:07.575157 23340540577600 checkpoints.py:490] Saving checkpoint at step: 40000
I0509 12:11:07.595276 23340540577600 checkpoints.py:422] Saved checkpoint at /scratch/network/smohr/cos526/multinerf/checkpoints/shinyblender/toaster_transformer/checkpoint_40000
I0509 12:58:52.317232 23340540577600 checkpoints.py:490] Saving checkpoint at step: 50000
I0509 12:58:52.337145 23340540577600 checkpoints.py:422] Saved checkpoint at /scratch/network/smohr/cos526/multinerf/checkpoints/shinyblender/toaster_transformer/checkpoint_50000
I0509 13:46:37.554743 23340540577600 checkpoints.py:490] Saving checkpoint at step: 60000
I0509 13:46:37.578465 23340540577600 checkpoints.py:422] Saved checkpoint at /scratch/network/smohr/cos526/multinerf/checkpoints/shinyblender/toaster_transformer/checkpoint_60000
I0509 14:34:18.938497 23340540577600 checkpoints.py:490] Saving checkpoint at step: 70000
I0509 14:34:18.958358 23340540577600 checkpoints.py:422] Saved checkpoint at /scratch/network/smohr/cos526/multinerf/checkpoints/shinyblender/toaster_transformer/checkpoint_70000
I0509 15:22:01.879863 23340540577600 checkpoints.py:490] Saving checkpoint at step: 80000
I0509 15:22:01.903279 23340540577600 checkpoints.py:422] Saved checkpoint at /scratch/network/smohr/cos526/multinerf/checkpoints/shinyblender/toaster_transformer/checkpoint_80000
slurmstepd: error: *** JOB 1765278 ON adroit-h11g2 CANCELLED AT 2023-05-09T16:07:40 ***
