Tue May  9 08:49:37 2023       
+-----------------------------------------------------------------------------+
| NVIDIA-SMI 525.60.13    Driver Version: 525.60.13    CUDA Version: 12.0     |
|-------------------------------+----------------------+----------------------+
| GPU  Name        Persistence-M| Bus-Id        Disp.A | Volatile Uncorr. ECC |
| Fan  Temp  Perf  Pwr:Usage/Cap|         Memory-Usage | GPU-Util  Compute M. |
|                               |                      |               MIG M. |
|===============================+======================+======================|
|   0  Tesla V100-PCIE...  On   | 00000000:39:00.0 Off |                    0 |
| N/A   34C    P0    24W / 250W |      0MiB / 32768MiB |      0%      Default |
|                               |                      |                  N/A |
+-------------------------------+----------------------+----------------------+
|   1  Tesla V100-PCIE...  On   | 00000000:B1:00.0 Off |                    0 |
| N/A   33C    P0    26W / 250W |      0MiB / 32768MiB |      0%      Default |
|                               |                      |                  N/A |
+-------------------------------+----------------------+----------------------+
                                                                               
+-----------------------------------------------------------------------------+
| Processes:                                                                  |
|  GPU   GI   CI        PID   Type   Process name                  GPU Memory |
|        ID   ID                                                   Usage      |
|=============================================================================|
|  No running processes found                                                 |
+-----------------------------------------------------------------------------+
2023-05-09 08:49:50.310157: W tensorflow/compiler/xla/stream_executor/platform/default/dso_loader.cc:64] Could not load dynamic library 'libnvinfer.so.7'; dlerror: libnvinfer.so.7: cannot open shared object file: No such file or directory; LD_LIBRARY_PATH: /usr/local/cudnn/cuda-11.5/8.3.2/lib64:/usr/local/cuda-11.7/lib64
2023-05-09 08:49:50.310286: W tensorflow/compiler/xla/stream_executor/platform/default/dso_loader.cc:64] Could not load dynamic library 'libnvinfer_plugin.so.7'; dlerror: libnvinfer_plugin.so.7: cannot open shared object file: No such file or directory; LD_LIBRARY_PATH: /usr/local/cudnn/cuda-11.5/8.3.2/lib64:/usr/local/cuda-11.7/lib64
2023-05-09 08:49:50.310296: W tensorflow/compiler/tf2tensorrt/utils/py_utils.cc:38] TF-TRT Warning: Cannot dlopen some TensorRT libraries. If you would like to use Nvidia GPU with TensorRT, please make sure the missing libraries mentioned above are installed properly.
I0509 08:49:52.541067 22420779296576 xla_bridge.py:440] Unable to initialize backend 'rocm': NOT_FOUND: Could not find registered platform with name: "rocm". Available platform names are: Host Interpreter CUDA
I0509 08:49:52.541541 22420779296576 xla_bridge.py:440] Unable to initialize backend 'tpu': module 'jaxlib.xla_extension' has no attribute 'get_tpu_client'
I0509 08:49:52.541610 22420779296576 xla_bridge.py:440] Unable to initialize backend 'plugin': xla_extension has no attributes named get_plugin_device_client. Compile TensorFlow with //tensorflow/compiler/xla/python:enable_plugin_device set to true (defaults to false) to enable this.
I0509 08:50:30.661678 22420779296576 checkpoints.py:924] Restoring legacy Flax checkpoint from /scratch/network/smohr/cos526/multinerf/checkpoints/shinyblender/toaster_transformer/checkpoint_50000
/scratch/network/smohr/multinerf-env/lib/python3.9/site-packages/jax/_src/xla_bridge.py:643: UserWarning: jax.host_id has been renamed to jax.process_index. This alias will eventually be removed; please update your code.
  warnings.warn(
/scratch/network/smohr/cos526/multinerf/render.py:91: MatplotlibDeprecationWarning: The get_cmap function was deprecated in Matplotlib 3.7 and will be removed two minor releases later. Use ``matplotlib.colormaps[name]`` or ``matplotlib.colormaps.get_cmap(obj)`` instead.
  img = cm.get_cmap('turbo')(img)[..., :3]
Rendering checkpoint at step 50000.
Evaluating image 1/200
Rendering chunk 0/78
Rendering chunk 7/78
Rendering chunk 14/78
Rendering chunk 21/78
Rendering chunk 28/78
Rendering chunk 35/78
Rendering chunk 42/78
Rendering chunk 49/78
Rendering chunk 56/78
Rendering chunk 63/78
Rendering chunk 70/78
Rendering chunk 77/78
Rendered in 48.410s
Evaluating image 2/200
Rendering chunk 0/78
Rendering chunk 7/78
Rendering chunk 14/78
Rendering chunk 21/78
Rendering chunk 28/78
Rendering chunk 35/78
Rendering chunk 42/78
Rendering chunk 49/78
Rendering chunk 56/78
Rendering chunk 63/78
Rendering chunk 70/78
Rendering chunk 77/78
Rendered in 28.619s
Evaluating image 3/200
Rendering chunk 0/78
Rendering chunk 7/78
Rendering chunk 14/78
Rendering chunk 21/78
Rendering chunk 28/78
Rendering chunk 35/78
Rendering chunk 42/78
Rendering chunk 49/78
Rendering chunk 56/78
Rendering chunk 63/78
Rendering chunk 70/78
Rendering chunk 77/78
Rendered in 28.673s
Evaluating image 4/200
Rendering chunk 0/78
Rendering chunk 7/78
Rendering chunk 14/78
Rendering chunk 21/78
Rendering chunk 28/78
Rendering chunk 35/78
Rendering chunk 42/78
Rendering chunk 49/78
Rendering chunk 56/78
Rendering chunk 63/78
Rendering chunk 70/78
Rendering chunk 77/78
Rendered in 28.656s
Evaluating image 5/200
Rendering chunk 0/78
Rendering chunk 7/78
Rendering chunk 14/78
Rendering chunk 21/78
Rendering chunk 28/78
Rendering chunk 35/78
Rendering chunk 42/78
Rendering chunk 49/78
Rendering chunk 56/78
Rendering chunk 63/78
Rendering chunk 70/78
Rendering chunk 77/78
Rendered in 28.679s
Evaluating image 6/200
Rendering chunk 0/78
Rendering chunk 7/78
Rendering chunk 14/78
Rendering chunk 21/78
Rendering chunk 28/78
Rendering chunk 35/78
Rendering chunk 42/78
Rendering chunk 49/78
Rendering chunk 56/78
Rendering chunk 63/78
Rendering chunk 70/78
Rendering chunk 77/78
Rendered in 28.645s
Evaluating image 7/200
Rendering chunk 0/78
Rendering chunk 7/78
Rendering chunk 14/78
Rendering chunk 21/78
Rendering chunk 28/78
Rendering chunk 35/78
Rendering chunk 42/78
Rendering chunk 49/78
Rendering chunk 56/78
Rendering chunk 63/78
Rendering chunk 70/78
Rendering chunk 77/78
Rendered in 28.734s
Evaluating image 8/200
Rendering chunk 0/78
Rendering chunk 7/78
Rendering chunk 14/78
Rendering chunk 21/78
Rendering chunk 28/78
Rendering chunk 35/78
Rendering chunk 42/78
Rendering chunk 49/78
Rendering chunk 56/78
Rendering chunk 63/78
Rendering chunk 70/78
Rendering chunk 77/78
Rendered in 28.665s
Evaluating image 9/200
Rendering chunk 0/78
Rendering chunk 7/78
Rendering chunk 14/78
Rendering chunk 21/78
Rendering chunk 28/78
Rendering chunk 35/78
Rendering chunk 42/78
Rendering chunk 49/78
Rendering chunk 56/78
Rendering chunk 63/78
Rendering chunk 70/78
Rendering chunk 77/78
Rendered in 28.638s
Evaluating image 10/200
Rendering chunk 0/78
Rendering chunk 7/78
Rendering chunk 14/78
Rendering chunk 21/78
Rendering chunk 28/78
Rendering chunk 35/78
Rendering chunk 42/78
Rendering chunk 49/78
Rendering chunk 56/78
Rendering chunk 63/78
Rendering chunk 70/78
Rendering chunk 77/78
Rendered in 28.666s
Evaluating image 11/200
Rendering chunk 0/78
Rendering chunk 7/78
Rendering chunk 14/78
Rendering chunk 21/78
Rendering chunk 28/78
Rendering chunk 35/78
Rendering chunk 42/78
Rendering chunk 49/78
Rendering chunk 56/78
Rendering chunk 63/78
Rendering chunk 70/78
Rendering chunk 77/78
Rendered in 28.662s
Evaluating image 12/200
Rendering chunk 0/78
Rendering chunk 7/78
Rendering chunk 14/78
Rendering chunk 21/78
Rendering chunk 28/78
Rendering chunk 35/78
Rendering chunk 42/78
Rendering chunk 49/78
Rendering chunk 56/78
Rendering chunk 63/78
Rendering chunk 70/78
Rendering chunk 77/78
Rendered in 28.668s
Evaluating image 13/200
Rendering chunk 0/78
Rendering chunk 7/78
Rendering chunk 14/78
Rendering chunk 21/78
Rendering chunk 28/78
Rendering chunk 35/78
Rendering chunk 42/78
Rendering chunk 49/78
Rendering chunk 56/78
Rendering chunk 63/78
Rendering chunk 70/78
Rendering chunk 77/78
Rendered in 28.710s
Evaluating image 14/200
Rendering chunk 0/78
Rendering chunk 7/78
Rendering chunk 14/78
Rendering chunk 21/78
Rendering chunk 28/78
Rendering chunk 35/78
Rendering chunk 42/78
Rendering chunk 49/78
Rendering chunk 56/78
Rendering chunk 63/78
Rendering chunk 70/78
Rendering chunk 77/78
Rendered in 28.663s
Evaluating image 15/200
Rendering chunk 0/78
Rendering chunk 7/78
Rendering chunk 14/78
Rendering chunk 21/78
Rendering chunk 28/78
Rendering chunk 35/78
Rendering chunk 42/78
Rendering chunk 49/78
Rendering chunk 56/78
Rendering chunk 63/78
Rendering chunk 70/78
Rendering chunk 77/78
Rendered in 28.680s
Evaluating image 16/200
Rendering chunk 0/78
Rendering chunk 7/78
Rendering chunk 14/78
Rendering chunk 21/78
Rendering chunk 28/78
Rendering chunk 35/78
Rendering chunk 42/78
Rendering chunk 49/78
Rendering chunk 56/78
Rendering chunk 63/78
Rendering chunk 70/78
Rendering chunk 77/78
Rendered in 28.692s
Evaluating image 17/200
Rendering chunk 0/78
Rendering chunk 7/78
Rendering chunk 14/78
Rendering chunk 21/78
Rendering chunk 28/78
Rendering chunk 35/78
Rendering chunk 42/78
Rendering chunk 49/78
Rendering chunk 56/78
Rendering chunk 63/78
Rendering chunk 70/78
Rendering chunk 77/78
Rendered in 28.738s
Evaluating image 18/200
Rendering chunk 0/78
Rendering chunk 7/78
Rendering chunk 14/78
Rendering chunk 21/78
Rendering chunk 28/78
Rendering chunk 35/78
Rendering chunk 42/78
Rendering chunk 49/78
Rendering chunk 56/78
Rendering chunk 63/78
Rendering chunk 70/78
Rendering chunk 77/78
Rendered in 28.680s
Evaluating image 19/200
Rendering chunk 0/78
Rendering chunk 7/78
Rendering chunk 14/78
Rendering chunk 21/78
Rendering chunk 28/78
Rendering chunk 35/78
Rendering chunk 42/78
Rendering chunk 49/78
Rendering chunk 56/78
Rendering chunk 63/78
Rendering chunk 70/78
Rendering chunk 77/78
Rendered in 28.709s
Evaluating image 20/200
Rendering chunk 0/78
Rendering chunk 7/78
Rendering chunk 14/78
Rendering chunk 21/78
Rendering chunk 28/78
Rendering chunk 35/78
Rendering chunk 42/78
Rendering chunk 49/78
Rendering chunk 56/78
Rendering chunk 63/78
Rendering chunk 70/78
Rendering chunk 77/78
Rendered in 28.705s
Evaluating image 21/200
Rendering chunk 0/78
Rendering chunk 7/78
Rendering chunk 14/78
Rendering chunk 21/78
Rendering chunk 28/78
Rendering chunk 35/78
Rendering chunk 42/78
Rendering chunk 49/78
Rendering chunk 56/78
Rendering chunk 63/78
Rendering chunk 70/78
Rendering chunk 77/78
Rendered in 28.734s
Evaluating image 22/200
Rendering chunk 0/78
Rendering chunk 7/78
Rendering chunk 14/78
Rendering chunk 21/78
Rendering chunk 28/78
Rendering chunk 35/78
Rendering chunk 42/78
Rendering chunk 49/78
Rendering chunk 56/78
Rendering chunk 63/78
Rendering chunk 70/78
Rendering chunk 77/78
Rendered in 28.735s
Evaluating image 23/200
Rendering chunk 0/78
Rendering chunk 7/78
Rendering chunk 14/78
Rendering chunk 21/78
Rendering chunk 28/78
Rendering chunk 35/78
Rendering chunk 42/78
Rendering chunk 49/78
Rendering chunk 56/78
Rendering chunk 63/78
Rendering chunk 70/78
Rendering chunk 77/78
Rendered in 28.741s
Evaluating image 24/200
Rendering chunk 0/78
Rendering chunk 7/78
Rendering chunk 14/78
Rendering chunk 21/78
Rendering chunk 28/78
Rendering chunk 35/78
Rendering chunk 42/78
Rendering chunk 49/78
Rendering chunk 56/78
Rendering chunk 63/78
Rendering chunk 70/78
Rendering chunk 77/78
Rendered in 28.722s
Evaluating image 25/200
Rendering chunk 0/78
Rendering chunk 7/78
Rendering chunk 14/78
Rendering chunk 21/78
Rendering chunk 28/78
Rendering chunk 35/78
Rendering chunk 42/78
Rendering chunk 49/78
Rendering chunk 56/78
Rendering chunk 63/78
Rendering chunk 70/78
Rendering chunk 77/78
Rendered in 28.692s
Evaluating image 26/200
Rendering chunk 0/78
Rendering chunk 7/78
Rendering chunk 14/78
Rendering chunk 21/78
Rendering chunk 28/78
Rendering chunk 35/78
Rendering chunk 42/78
Rendering chunk 49/78
Rendering chunk 56/78
Rendering chunk 63/78
Rendering chunk 70/78
Rendering chunk 77/78
Rendered in 28.745s
Evaluating image 27/200
Rendering chunk 0/78
Rendering chunk 7/78
Rendering chunk 14/78
Rendering chunk 21/78
Rendering chunk 28/78
Rendering chunk 35/78
Rendering chunk 42/78
Rendering chunk 49/78
Rendering chunk 56/78
Rendering chunk 63/78
Rendering chunk 70/78
Rendering chunk 77/78
Rendered in 28.698s
Evaluating image 28/200
Rendering chunk 0/78
Rendering chunk 7/78
Rendering chunk 14/78
Rendering chunk 21/78
Rendering chunk 28/78
Rendering chunk 35/78
Rendering chunk 42/78
Rendering chunk 49/78
Rendering chunk 56/78
Rendering chunk 63/78
Rendering chunk 70/78
Rendering chunk 77/78
Rendered in 28.751s
Evaluating image 29/200
Rendering chunk 0/78
Rendering chunk 7/78
Rendering chunk 14/78
Rendering chunk 21/78
Rendering chunk 28/78
Rendering chunk 35/78
Rendering chunk 42/78
Rendering chunk 49/78
Rendering chunk 56/78
Rendering chunk 63/78
Rendering chunk 70/78
Rendering chunk 77/78
Rendered in 28.726s
Evaluating image 30/200
Rendering chunk 0/78
Rendering chunk 7/78
Rendering chunk 14/78
Rendering chunk 21/78
Rendering chunk 28/78
Rendering chunk 35/78
Rendering chunk 42/78
Rendering chunk 49/78
Rendering chunk 56/78
Rendering chunk 63/78
Rendering chunk 70/78
Rendering chunk 77/78
Rendered in 28.711s
Evaluating image 31/200
Rendering chunk 0/78
Rendering chunk 7/78
Rendering chunk 14/78
Rendering chunk 21/78
Rendering chunk 28/78
Rendering chunk 35/78
Rendering chunk 42/78
Rendering chunk 49/78
Rendering chunk 56/78
Rendering chunk 63/78
Rendering chunk 70/78
Rendering chunk 77/78
Rendered in 28.719s
Evaluating image 32/200
Rendering chunk 0/78
Rendering chunk 7/78
Rendering chunk 14/78
Rendering chunk 21/78
Rendering chunk 28/78
Rendering chunk 35/78
Rendering chunk 42/78
Rendering chunk 49/78
Rendering chunk 56/78
Rendering chunk 63/78
Rendering chunk 70/78
Rendering chunk 77/78
Rendered in 28.787s
Evaluating image 33/200
Rendering chunk 0/78
Rendering chunk 7/78
Rendering chunk 14/78
Rendering chunk 21/78
Rendering chunk 28/78
Rendering chunk 35/78
Rendering chunk 42/78
Rendering chunk 49/78
Rendering chunk 56/78
Rendering chunk 63/78
Rendering chunk 70/78
Rendering chunk 77/78
Rendered in 28.735s
Evaluating image 34/200
Rendering chunk 0/78
Rendering chunk 7/78
Rendering chunk 14/78
Rendering chunk 21/78
Rendering chunk 28/78
Rendering chunk 35/78
Rendering chunk 42/78
Rendering chunk 49/78
Rendering chunk 56/78
Rendering chunk 63/78
Rendering chunk 70/78
Rendering chunk 77/78
Rendered in 28.754s
Evaluating image 35/200
Rendering chunk 0/78
Rendering chunk 7/78
Rendering chunk 14/78
Rendering chunk 21/78
Rendering chunk 28/78
Rendering chunk 35/78
Rendering chunk 42/78
Rendering chunk 49/78
Rendering chunk 56/78
Rendering chunk 63/78
Rendering chunk 70/78
Rendering chunk 77/78
Rendered in 28.690s
Evaluating image 36/200
Rendering chunk 0/78
Rendering chunk 7/78
Rendering chunk 14/78
Rendering chunk 21/78
Rendering chunk 28/78
Rendering chunk 35/78
Rendering chunk 42/78
Rendering chunk 49/78
Rendering chunk 56/78
Rendering chunk 63/78
Rendering chunk 70/78
Rendering chunk 77/78
Rendered in 28.683s
Evaluating image 37/200
Rendering chunk 0/78
Rendering chunk 7/78
Rendering chunk 14/78
Rendering chunk 21/78
Rendering chunk 28/78
Rendering chunk 35/78
Rendering chunk 42/78
Rendering chunk 49/78
Rendering chunk 56/78
Rendering chunk 63/78
Rendering chunk 70/78
Rendering chunk 77/78
Rendered in 28.703s
Evaluating image 38/200
Rendering chunk 0/78
Rendering chunk 7/78
Rendering chunk 14/78
Rendering chunk 21/78
Rendering chunk 28/78
Rendering chunk 35/78
Rendering chunk 42/78
Rendering chunk 49/78
Rendering chunk 56/78
Rendering chunk 63/78
Rendering chunk 70/78
Rendering chunk 77/78
Rendered in 28.708s
Evaluating image 39/200
Rendering chunk 0/78
Rendering chunk 7/78
Rendering chunk 14/78
Rendering chunk 21/78
Rendering chunk 28/78
Rendering chunk 35/78
Rendering chunk 42/78
Rendering chunk 49/78
Rendering chunk 56/78
Rendering chunk 63/78
Rendering chunk 70/78
Rendering chunk 77/78
Rendered in 28.658s
Evaluating image 40/200
Rendering chunk 0/78
Rendering chunk 7/78
Rendering chunk 14/78
Rendering chunk 21/78
Rendering chunk 28/78
Rendering chunk 35/78
Rendering chunk 42/78
Rendering chunk 49/78
Rendering chunk 56/78
Rendering chunk 63/78
Rendering chunk 70/78
Rendering chunk 77/78
Rendered in 28.713s
Evaluating image 41/200
Rendering chunk 0/78
Rendering chunk 7/78
Rendering chunk 14/78
Rendering chunk 21/78
Rendering chunk 28/78
Rendering chunk 35/78
Rendering chunk 42/78
Rendering chunk 49/78
Rendering chunk 56/78
Rendering chunk 63/78
Rendering chunk 70/78
Rendering chunk 77/78
Rendered in 28.691s
Evaluating image 42/200
Rendering chunk 0/78
Rendering chunk 7/78
Rendering chunk 14/78
Rendering chunk 21/78
Rendering chunk 28/78
Rendering chunk 35/78
Rendering chunk 42/78
Rendering chunk 49/78
Rendering chunk 56/78
Rendering chunk 63/78
Rendering chunk 70/78
Rendering chunk 77/78
Rendered in 28.646s
Evaluating image 43/200
Rendering chunk 0/78
Rendering chunk 7/78
Rendering chunk 14/78
Rendering chunk 21/78
Rendering chunk 28/78
Rendering chunk 35/78
Rendering chunk 42/78
Rendering chunk 49/78
Rendering chunk 56/78
Rendering chunk 63/78
Rendering chunk 70/78
Rendering chunk 77/78
Rendered in 28.690s
Evaluating image 44/200
Rendering chunk 0/78
Rendering chunk 7/78
Rendering chunk 14/78
Rendering chunk 21/78
Rendering chunk 28/78
Rendering chunk 35/78
Rendering chunk 42/78
Rendering chunk 49/78
Rendering chunk 56/78
Rendering chunk 63/78
Rendering chunk 70/78
Rendering chunk 77/78
Rendered in 28.681s
Evaluating image 45/200
Rendering chunk 0/78
Rendering chunk 7/78
Rendering chunk 14/78
Rendering chunk 21/78
Rendering chunk 28/78
Rendering chunk 35/78
Rendering chunk 42/78
Rendering chunk 49/78
Rendering chunk 56/78
Rendering chunk 63/78
Rendering chunk 70/78
Rendering chunk 77/78
Rendered in 28.702s
Evaluating image 46/200
Rendering chunk 0/78
Rendering chunk 7/78
Rendering chunk 14/78
Rendering chunk 21/78
Rendering chunk 28/78
Rendering chunk 35/78
Rendering chunk 42/78
Rendering chunk 49/78
Rendering chunk 56/78
Rendering chunk 63/78
Rendering chunk 70/78
Rendering chunk 77/78
Rendered in 28.649s
Evaluating image 47/200
Rendering chunk 0/78
Rendering chunk 7/78
Rendering chunk 14/78
Rendering chunk 21/78
Rendering chunk 28/78
Rendering chunk 35/78
Rendering chunk 42/78
Rendering chunk 49/78
Rendering chunk 56/78
Rendering chunk 63/78
Rendering chunk 70/78
Rendering chunk 77/78
Rendered in 28.653s
Evaluating image 48/200
Rendering chunk 0/78
Rendering chunk 7/78
Rendering chunk 14/78
Rendering chunk 21/78
Rendering chunk 28/78
Rendering chunk 35/78
Rendering chunk 42/78
Rendering chunk 49/78
Rendering chunk 56/78
Rendering chunk 63/78
Rendering chunk 70/78
Rendering chunk 77/78
Rendered in 28.632s
Evaluating image 49/200
Rendering chunk 0/78
Rendering chunk 7/78
Rendering chunk 14/78
Rendering chunk 21/78
Rendering chunk 28/78
Rendering chunk 35/78
Rendering chunk 42/78
Rendering chunk 49/78
Rendering chunk 56/78
Rendering chunk 63/78
Rendering chunk 70/78
Rendering chunk 77/78
Rendered in 28.666s
Evaluating image 50/200
Rendering chunk 0/78
Rendering chunk 7/78
Rendering chunk 14/78
Rendering chunk 21/78
Rendering chunk 28/78
Rendering chunk 35/78
Rendering chunk 42/78
Rendering chunk 49/78
Rendering chunk 56/78
Rendering chunk 63/78
Rendering chunk 70/78
Rendering chunk 77/78
Rendered in 28.680s
Evaluating image 51/200
Rendering chunk 0/78
Rendering chunk 7/78
Rendering chunk 14/78
Rendering chunk 21/78
Rendering chunk 28/78
Rendering chunk 35/78
Rendering chunk 42/78
Rendering chunk 49/78
Rendering chunk 56/78
Rendering chunk 63/78
Rendering chunk 70/78
Rendering chunk 77/78
Rendered in 28.614s
Evaluating image 52/200
Rendering chunk 0/78
Rendering chunk 7/78
Rendering chunk 14/78
Rendering chunk 21/78
Rendering chunk 28/78
Rendering chunk 35/78
Rendering chunk 42/78
Rendering chunk 49/78
Rendering chunk 56/78
Rendering chunk 63/78
Rendering chunk 70/78
Rendering chunk 77/78
Rendered in 28.650s
Evaluating image 53/200
Rendering chunk 0/78
Rendering chunk 7/78
Rendering chunk 14/78
Rendering chunk 21/78
Rendering chunk 28/78
Rendering chunk 35/78
Rendering chunk 42/78
Rendering chunk 49/78
Rendering chunk 56/78
Rendering chunk 63/78
Rendering chunk 70/78
Rendering chunk 77/78
Rendered in 28.681s
Evaluating image 54/200
Rendering chunk 0/78
Rendering chunk 7/78
Rendering chunk 14/78
Rendering chunk 21/78
Rendering chunk 28/78
Rendering chunk 35/78
Rendering chunk 42/78
Rendering chunk 49/78
Rendering chunk 56/78
Rendering chunk 63/78
Rendering chunk 70/78
Rendering chunk 77/78
Rendered in 28.630s
Evaluating image 55/200
Rendering chunk 0/78
Rendering chunk 7/78
Rendering chunk 14/78
Rendering chunk 21/78
Rendering chunk 28/78
Rendering chunk 35/78
Rendering chunk 42/78
Rendering chunk 49/78
Rendering chunk 56/78
Rendering chunk 63/78
Rendering chunk 70/78
Rendering chunk 77/78
Rendered in 28.669s
Evaluating image 56/200
Rendering chunk 0/78
Rendering chunk 7/78
Rendering chunk 14/78
Rendering chunk 21/78
Rendering chunk 28/78
Rendering chunk 35/78
Rendering chunk 42/78
Rendering chunk 49/78
Rendering chunk 56/78
Rendering chunk 63/78
Rendering chunk 70/78
Rendering chunk 77/78
Rendered in 28.650s
Evaluating image 57/200
Rendering chunk 0/78
Rendering chunk 7/78
Rendering chunk 14/78
Rendering chunk 21/78
Rendering chunk 28/78
Rendering chunk 35/78
Rendering chunk 42/78
Rendering chunk 49/78
Rendering chunk 56/78
Rendering chunk 63/78
Rendering chunk 70/78
Rendering chunk 77/78
Rendered in 28.663s
Evaluating image 58/200
Rendering chunk 0/78
Rendering chunk 7/78
Rendering chunk 14/78
Rendering chunk 21/78
Rendering chunk 28/78
Rendering chunk 35/78
Rendering chunk 42/78
Rendering chunk 49/78
Rendering chunk 56/78
Rendering chunk 63/78
Rendering chunk 70/78
Rendering chunk 77/78
Rendered in 28.659s
Evaluating image 59/200
Rendering chunk 0/78
Rendering chunk 7/78
Rendering chunk 14/78
Rendering chunk 21/78
Rendering chunk 28/78
Rendering chunk 35/78
Rendering chunk 42/78
Rendering chunk 49/78
Rendering chunk 56/78
Rendering chunk 63/78
Rendering chunk 70/78
Rendering chunk 77/78
Rendered in 28.622s
Evaluating image 60/200
Rendering chunk 0/78
Rendering chunk 7/78
Rendering chunk 14/78
Rendering chunk 21/78
Rendering chunk 28/78
Rendering chunk 35/78
Rendering chunk 42/78
Rendering chunk 49/78
Rendering chunk 56/78
Rendering chunk 63/78
Rendering chunk 70/78
Rendering chunk 77/78
Rendered in 28.624s
Evaluating image 61/200
Rendering chunk 0/78
Rendering chunk 7/78
Rendering chunk 14/78
Rendering chunk 21/78
Rendering chunk 28/78
Rendering chunk 35/78
Rendering chunk 42/78
Rendering chunk 49/78
Rendering chunk 56/78
Rendering chunk 63/78
Rendering chunk 70/78
Rendering chunk 77/78
Rendered in 28.682s
Evaluating image 62/200
Rendering chunk 0/78
Rendering chunk 7/78
Rendering chunk 14/78
Rendering chunk 21/78
Rendering chunk 28/78
Rendering chunk 35/78
Rendering chunk 42/78
Rendering chunk 49/78
Rendering chunk 56/78
Rendering chunk 63/78
Rendering chunk 70/78
Rendering chunk 77/78
Rendered in 28.699s
Evaluating image 63/200
Rendering chunk 0/78
Rendering chunk 7/78
Rendering chunk 14/78
Rendering chunk 21/78
Rendering chunk 28/78
Rendering chunk 35/78
Rendering chunk 42/78
Rendering chunk 49/78
Rendering chunk 56/78
Rendering chunk 63/78
Rendering chunk 70/78
Rendering chunk 77/78
Rendered in 28.650s
Evaluating image 64/200
Rendering chunk 0/78
Rendering chunk 7/78
Rendering chunk 14/78
Rendering chunk 21/78
Rendering chunk 28/78
Rendering chunk 35/78
Rendering chunk 42/78
Rendering chunk 49/78
Rendering chunk 56/78
Rendering chunk 63/78
Rendering chunk 70/78
Rendering chunk 77/78
Rendered in 28.686s
Evaluating image 65/200
Rendering chunk 0/78
Rendering chunk 7/78
Rendering chunk 14/78
Rendering chunk 21/78
Rendering chunk 28/78
Rendering chunk 35/78
Rendering chunk 42/78
Rendering chunk 49/78
Rendering chunk 56/78
Rendering chunk 63/78
Rendering chunk 70/78
Rendering chunk 77/78
Rendered in 28.687s
Evaluating image 66/200
Rendering chunk 0/78
Rendering chunk 7/78
Rendering chunk 14/78
Rendering chunk 21/78
Rendering chunk 28/78
Rendering chunk 35/78
Rendering chunk 42/78
Rendering chunk 49/78
Rendering chunk 56/78
Rendering chunk 63/78
Rendering chunk 70/78
Rendering chunk 77/78
Rendered in 28.650s
Evaluating image 67/200
Rendering chunk 0/78
Rendering chunk 7/78
Rendering chunk 14/78
Rendering chunk 21/78
Rendering chunk 28/78
Rendering chunk 35/78
Rendering chunk 42/78
Rendering chunk 49/78
Rendering chunk 56/78
Rendering chunk 63/78
Rendering chunk 70/78
Rendering chunk 77/78
Rendered in 28.663s
Evaluating image 68/200
Rendering chunk 0/78
Rendering chunk 7/78
Rendering chunk 14/78
Rendering chunk 21/78
Rendering chunk 28/78
Rendering chunk 35/78
Rendering chunk 42/78
Rendering chunk 49/78
Rendering chunk 56/78
Rendering chunk 63/78
Rendering chunk 70/78
Rendering chunk 77/78
Rendered in 28.702s
Evaluating image 69/200
Rendering chunk 0/78
Rendering chunk 7/78
Rendering chunk 14/78
Rendering chunk 21/78
Rendering chunk 28/78
Rendering chunk 35/78
Rendering chunk 42/78
Rendering chunk 49/78
Rendering chunk 56/78
Rendering chunk 63/78
Rendering chunk 70/78
Rendering chunk 77/78
Rendered in 28.651s
Evaluating image 70/200
Rendering chunk 0/78
Rendering chunk 7/78
Rendering chunk 14/78
Rendering chunk 21/78
Rendering chunk 28/78
Rendering chunk 35/78
Rendering chunk 42/78
Rendering chunk 49/78
Rendering chunk 56/78
Rendering chunk 63/78
Rendering chunk 70/78
Rendering chunk 77/78
Rendered in 28.649s
Evaluating image 71/200
Rendering chunk 0/78
Rendering chunk 7/78
Rendering chunk 14/78
Rendering chunk 21/78
Rendering chunk 28/78
Rendering chunk 35/78
Rendering chunk 42/78
Rendering chunk 49/78
Rendering chunk 56/78
Rendering chunk 63/78
Rendering chunk 70/78
Rendering chunk 77/78
Rendered in 28.717s
Evaluating image 72/200
Rendering chunk 0/78
Rendering chunk 7/78
Rendering chunk 14/78
Rendering chunk 21/78
Rendering chunk 28/78
Rendering chunk 35/78
Rendering chunk 42/78
Rendering chunk 49/78
Rendering chunk 56/78
Rendering chunk 63/78
Rendering chunk 70/78
Rendering chunk 77/78
Rendered in 28.652s
Evaluating image 73/200
Rendering chunk 0/78
Rendering chunk 7/78
Rendering chunk 14/78
Rendering chunk 21/78
Rendering chunk 28/78
Rendering chunk 35/78
Rendering chunk 42/78
Rendering chunk 49/78
Rendering chunk 56/78
Rendering chunk 63/78
Rendering chunk 70/78
Rendering chunk 77/78
Rendered in 28.692s
Evaluating image 74/200
Rendering chunk 0/78
Rendering chunk 7/78
Rendering chunk 14/78
Rendering chunk 21/78
Rendering chunk 28/78
Rendering chunk 35/78
Rendering chunk 42/78
Rendering chunk 49/78
Rendering chunk 56/78
Rendering chunk 63/78
Rendering chunk 70/78
Rendering chunk 77/78
Rendered in 28.687s
Evaluating image 75/200
Rendering chunk 0/78
Rendering chunk 7/78
Rendering chunk 14/78
Rendering chunk 21/78
Rendering chunk 28/78
Rendering chunk 35/78
Rendering chunk 42/78
Rendering chunk 49/78
Rendering chunk 56/78
Rendering chunk 63/78
Rendering chunk 70/78
Rendering chunk 77/78
Rendered in 28.631s
Evaluating image 76/200
Rendering chunk 0/78
Rendering chunk 7/78
Rendering chunk 14/78
Rendering chunk 21/78
Rendering chunk 28/78
Rendering chunk 35/78
Rendering chunk 42/78
Rendering chunk 49/78
Rendering chunk 56/78
Rendering chunk 63/78
Rendering chunk 70/78
Rendering chunk 77/78
Rendered in 28.682s
Evaluating image 77/200
Rendering chunk 0/78
Rendering chunk 7/78
Rendering chunk 14/78
Rendering chunk 21/78
Rendering chunk 28/78
Rendering chunk 35/78
Rendering chunk 42/78
Rendering chunk 49/78
Rendering chunk 56/78
Rendering chunk 63/78
Rendering chunk 70/78
Rendering chunk 77/78
Rendered in 28.676s
Evaluating image 78/200
Rendering chunk 0/78
Rendering chunk 7/78
Rendering chunk 14/78
Rendering chunk 21/78
Rendering chunk 28/78
Rendering chunk 35/78
Rendering chunk 42/78
Rendering chunk 49/78
Rendering chunk 56/78
Rendering chunk 63/78
Rendering chunk 70/78
Rendering chunk 77/78
Rendered in 28.626s
Evaluating image 79/200
Rendering chunk 0/78
Rendering chunk 7/78
Rendering chunk 14/78
Rendering chunk 21/78
Rendering chunk 28/78
Rendering chunk 35/78
Rendering chunk 42/78
Rendering chunk 49/78
Rendering chunk 56/78
Rendering chunk 63/78
Rendering chunk 70/78
Rendering chunk 77/78
Rendered in 28.680s
Evaluating image 80/200
Rendering chunk 0/78
Rendering chunk 7/78
Rendering chunk 14/78
Rendering chunk 21/78
Rendering chunk 28/78
Rendering chunk 35/78
Rendering chunk 42/78
Rendering chunk 49/78
Rendering chunk 56/78
Rendering chunk 63/78
Rendering chunk 70/78
Rendering chunk 77/78
Rendered in 28.639s
Evaluating image 81/200
Rendering chunk 0/78
Rendering chunk 7/78
Rendering chunk 14/78
Rendering chunk 21/78
Rendering chunk 28/78
Rendering chunk 35/78
Rendering chunk 42/78
Rendering chunk 49/78
Rendering chunk 56/78
Rendering chunk 63/78
Rendering chunk 70/78
Rendering chunk 77/78
Rendered in 28.638s
Evaluating image 82/200
Rendering chunk 0/78
Rendering chunk 7/78
Rendering chunk 14/78
Rendering chunk 21/78
Rendering chunk 28/78
Rendering chunk 35/78
Rendering chunk 42/78
Rendering chunk 49/78
Rendering chunk 56/78
Rendering chunk 63/78
Rendering chunk 70/78
Rendering chunk 77/78
Rendered in 28.695s
Evaluating image 83/200
Rendering chunk 0/78
Rendering chunk 7/78
Rendering chunk 14/78
Rendering chunk 21/78
Rendering chunk 28/78
Rendering chunk 35/78
Rendering chunk 42/78
Rendering chunk 49/78
Rendering chunk 56/78
Rendering chunk 63/78
Rendering chunk 70/78
Rendering chunk 77/78
Rendered in 28.693s
Evaluating image 84/200
Rendering chunk 0/78
Rendering chunk 7/78
Rendering chunk 14/78
Rendering chunk 21/78
Rendering chunk 28/78
Rendering chunk 35/78
Rendering chunk 42/78
Rendering chunk 49/78
Rendering chunk 56/78
Rendering chunk 63/78
Rendering chunk 70/78
Rendering chunk 77/78
Rendered in 28.661s
Evaluating image 85/200
Rendering chunk 0/78
Rendering chunk 7/78
Rendering chunk 14/78
Rendering chunk 21/78
Rendering chunk 28/78
Rendering chunk 35/78
Rendering chunk 42/78
Rendering chunk 49/78
Rendering chunk 56/78
Rendering chunk 63/78
Rendering chunk 70/78
Rendering chunk 77/78
Rendered in 28.656s
Evaluating image 86/200
Rendering chunk 0/78
Rendering chunk 7/78
Rendering chunk 14/78
Rendering chunk 21/78
Rendering chunk 28/78
Rendering chunk 35/78
Rendering chunk 42/78
Rendering chunk 49/78
Rendering chunk 56/78
Rendering chunk 63/78
Rendering chunk 70/78
Rendering chunk 77/78
Rendered in 28.691s
Evaluating image 87/200
Rendering chunk 0/78
Rendering chunk 7/78
Rendering chunk 14/78
Rendering chunk 21/78
Rendering chunk 28/78
Rendering chunk 35/78
Rendering chunk 42/78
Rendering chunk 49/78
Rendering chunk 56/78
Rendering chunk 63/78
Rendering chunk 70/78
Rendering chunk 77/78
Rendered in 28.652s
Evaluating image 88/200
Rendering chunk 0/78
Rendering chunk 7/78
Rendering chunk 14/78
Rendering chunk 21/78
Rendering chunk 28/78
Rendering chunk 35/78
Rendering chunk 42/78
Rendering chunk 49/78
Rendering chunk 56/78
Rendering chunk 63/78
Rendering chunk 70/78
Rendering chunk 77/78
Rendered in 28.656s
Evaluating image 89/200
Rendering chunk 0/78
Rendering chunk 7/78
Rendering chunk 14/78
Rendering chunk 21/78
Rendering chunk 28/78
Rendering chunk 35/78
Rendering chunk 42/78
Rendering chunk 49/78
Rendering chunk 56/78
Rendering chunk 63/78
Rendering chunk 70/78
Rendering chunk 77/78
Rendered in 28.670s
Evaluating image 90/200
Rendering chunk 0/78
Rendering chunk 7/78
Rendering chunk 14/78
Rendering chunk 21/78
Rendering chunk 28/78
Rendering chunk 35/78
Rendering chunk 42/78
Rendering chunk 49/78
Rendering chunk 56/78
Rendering chunk 63/78
Rendering chunk 70/78
Rendering chunk 77/78
Rendered in 28.642s
Evaluating image 91/200
Rendering chunk 0/78
Rendering chunk 7/78
Rendering chunk 14/78
Rendering chunk 21/78
Rendering chunk 28/78
Rendering chunk 35/78
Rendering chunk 42/78
Rendering chunk 49/78
Rendering chunk 56/78
Rendering chunk 63/78
Rendering chunk 70/78
Rendering chunk 77/78
Rendered in 28.623s
Evaluating image 92/200
Rendering chunk 0/78
Rendering chunk 7/78
Rendering chunk 14/78
Rendering chunk 21/78
Rendering chunk 28/78
Rendering chunk 35/78
Rendering chunk 42/78
Rendering chunk 49/78
Rendering chunk 56/78
Rendering chunk 63/78
Rendering chunk 70/78
Rendering chunk 77/78
Rendered in 28.688s
Evaluating image 93/200
Rendering chunk 0/78
Rendering chunk 7/78
Rendering chunk 14/78
Rendering chunk 21/78
Rendering chunk 28/78
Rendering chunk 35/78
Rendering chunk 42/78
Rendering chunk 49/78
Rendering chunk 56/78
Rendering chunk 63/78
Rendering chunk 70/78
Rendering chunk 77/78
Rendered in 28.620s
Evaluating image 94/200
Rendering chunk 0/78
Rendering chunk 7/78
Rendering chunk 14/78
Rendering chunk 21/78
Rendering chunk 28/78
Rendering chunk 35/78
Rendering chunk 42/78
Rendering chunk 49/78
Rendering chunk 56/78
Rendering chunk 63/78
Rendering chunk 70/78
Rendering chunk 77/78
Rendered in 28.622s
Evaluating image 95/200
Rendering chunk 0/78
Rendering chunk 7/78
Rendering chunk 14/78
Rendering chunk 21/78
Rendering chunk 28/78
Rendering chunk 35/78
Rendering chunk 42/78
Rendering chunk 49/78
Rendering chunk 56/78
Rendering chunk 63/78
Rendering chunk 70/78
Rendering chunk 77/78
Rendered in 28.664s
Evaluating image 96/200
Rendering chunk 0/78
Rendering chunk 7/78
Rendering chunk 14/78
Rendering chunk 21/78
Rendering chunk 28/78
Rendering chunk 35/78
Rendering chunk 42/78
Rendering chunk 49/78
Rendering chunk 56/78
Rendering chunk 63/78
Rendering chunk 70/78
Rendering chunk 77/78
Rendered in 28.607s
Evaluating image 97/200
Rendering chunk 0/78
Rendering chunk 7/78
Rendering chunk 14/78
Rendering chunk 21/78
Rendering chunk 28/78
Rendering chunk 35/78
Rendering chunk 42/78
Rendering chunk 49/78
Rendering chunk 56/78
Rendering chunk 63/78
Rendering chunk 70/78
Rendering chunk 77/78
Rendered in 28.580s
Evaluating image 98/200
Rendering chunk 0/78
Rendering chunk 7/78
Rendering chunk 14/78
Rendering chunk 21/78
Rendering chunk 28/78
Rendering chunk 35/78
Rendering chunk 42/78
Rendering chunk 49/78
Rendering chunk 56/78
Rendering chunk 63/78
Rendering chunk 70/78
Rendering chunk 77/78
Rendered in 28.652s
Evaluating image 99/200
Rendering chunk 0/78
Rendering chunk 7/78
Rendering chunk 14/78
Rendering chunk 21/78
Rendering chunk 28/78
Rendering chunk 35/78
Rendering chunk 42/78
Rendering chunk 49/78
Rendering chunk 56/78
Rendering chunk 63/78
Rendering chunk 70/78
Rendering chunk 77/78
Rendered in 28.571s
Evaluating image 100/200
Rendering chunk 0/78
Rendering chunk 7/78
Rendering chunk 14/78
Rendering chunk 21/78
Rendering chunk 28/78
Rendering chunk 35/78
Rendering chunk 42/78
Rendering chunk 49/78
Rendering chunk 56/78
Rendering chunk 63/78
Rendering chunk 70/78
Rendering chunk 77/78
Rendered in 28.576s
Evaluating image 101/200
Rendering chunk 0/78
Rendering chunk 7/78
Rendering chunk 14/78
Rendering chunk 21/78
Rendering chunk 28/78
Rendering chunk 35/78
Rendering chunk 42/78
Rendering chunk 49/78
Rendering chunk 56/78
Rendering chunk 63/78
Rendering chunk 70/78
Rendering chunk 77/78
Rendered in 28.649s
Evaluating image 102/200
Rendering chunk 0/78
Rendering chunk 7/78
Rendering chunk 14/78
Rendering chunk 21/78
Rendering chunk 28/78
Rendering chunk 35/78
Rendering chunk 42/78
Rendering chunk 49/78
Rendering chunk 56/78
Rendering chunk 63/78
Rendering chunk 70/78
Rendering chunk 77/78
Rendered in 28.634s
Evaluating image 103/200
Rendering chunk 0/78
Rendering chunk 7/78
Rendering chunk 14/78
Rendering chunk 21/78
Rendering chunk 28/78
Rendering chunk 35/78
Rendering chunk 42/78
Rendering chunk 49/78
Rendering chunk 56/78
Rendering chunk 63/78
Rendering chunk 70/78
Rendering chunk 77/78
Rendered in 28.617s
Evaluating image 104/200
Rendering chunk 0/78
Rendering chunk 7/78
Rendering chunk 14/78
Rendering chunk 21/78
Rendering chunk 28/78
Rendering chunk 35/78
Rendering chunk 42/78
Rendering chunk 49/78
Rendering chunk 56/78
Rendering chunk 63/78
Rendering chunk 70/78
Rendering chunk 77/78
Rendered in 28.645s
Evaluating image 105/200
Rendering chunk 0/78
Rendering chunk 7/78
Rendering chunk 14/78
Rendering chunk 21/78
Rendering chunk 28/78
Rendering chunk 35/78
Rendering chunk 42/78
Rendering chunk 49/78
Rendering chunk 56/78
Rendering chunk 63/78
Rendering chunk 70/78
Rendering chunk 77/78
Rendered in 28.613s
Evaluating image 106/200
Rendering chunk 0/78
Rendering chunk 7/78
Rendering chunk 14/78
Rendering chunk 21/78
Rendering chunk 28/78
Rendering chunk 35/78
Rendering chunk 42/78
Rendering chunk 49/78
Rendering chunk 56/78
Rendering chunk 63/78
Rendering chunk 70/78
Rendering chunk 77/78
Rendered in 28.638s
Evaluating image 107/200
Rendering chunk 0/78
Rendering chunk 7/78
Rendering chunk 14/78
Rendering chunk 21/78
Rendering chunk 28/78
Rendering chunk 35/78
Rendering chunk 42/78
Rendering chunk 49/78
Rendering chunk 56/78
Rendering chunk 63/78
Rendering chunk 70/78
Rendering chunk 77/78
Rendered in 28.662s
Evaluating image 108/200
Rendering chunk 0/78
Rendering chunk 7/78
Rendering chunk 14/78
Rendering chunk 21/78
Rendering chunk 28/78
Rendering chunk 35/78
Rendering chunk 42/78
Rendering chunk 49/78
Rendering chunk 56/78
Rendering chunk 63/78
Rendering chunk 70/78
Rendering chunk 77/78
Rendered in 28.657s
Evaluating image 109/200
Rendering chunk 0/78
Rendering chunk 7/78
Rendering chunk 14/78
Rendering chunk 21/78
Rendering chunk 28/78
Rendering chunk 35/78
Rendering chunk 42/78
Rendering chunk 49/78
Rendering chunk 56/78
Rendering chunk 63/78
Rendering chunk 70/78
Rendering chunk 77/78
Rendered in 28.662s
Evaluating image 110/200
Rendering chunk 0/78
Rendering chunk 7/78
Rendering chunk 14/78
Rendering chunk 21/78
Rendering chunk 28/78
Rendering chunk 35/78
Rendering chunk 42/78
Rendering chunk 49/78
Rendering chunk 56/78
Rendering chunk 63/78
Rendering chunk 70/78
Rendering chunk 77/78
Rendered in 28.677s
Evaluating image 111/200
Rendering chunk 0/78
Rendering chunk 7/78
Rendering chunk 14/78
Rendering chunk 21/78
Rendering chunk 28/78
Rendering chunk 35/78
Rendering chunk 42/78
Rendering chunk 49/78
Rendering chunk 56/78
Rendering chunk 63/78
Rendering chunk 70/78
Rendering chunk 77/78
Rendered in 28.624s
Evaluating image 112/200
Rendering chunk 0/78
Rendering chunk 7/78
Rendering chunk 14/78
Rendering chunk 21/78
Rendering chunk 28/78
Rendering chunk 35/78
Rendering chunk 42/78
Rendering chunk 49/78
Rendering chunk 56/78
Rendering chunk 63/78
Rendering chunk 70/78
Rendering chunk 77/78
Rendered in 28.639s
Evaluating image 113/200
Rendering chunk 0/78
Rendering chunk 7/78
Rendering chunk 14/78
Rendering chunk 21/78
Rendering chunk 28/78
Rendering chunk 35/78
Rendering chunk 42/78
Rendering chunk 49/78
Rendering chunk 56/78
Rendering chunk 63/78
Rendering chunk 70/78
Rendering chunk 77/78
Rendered in 28.674s
Evaluating image 114/200
Rendering chunk 0/78
Rendering chunk 7/78
Rendering chunk 14/78
Rendering chunk 21/78
Rendering chunk 28/78
Rendering chunk 35/78
Rendering chunk 42/78
Rendering chunk 49/78
Rendering chunk 56/78
Rendering chunk 63/78
Rendering chunk 70/78
Rendering chunk 77/78
Rendered in 28.675s
Evaluating image 115/200
Rendering chunk 0/78
Rendering chunk 7/78
Rendering chunk 14/78
Rendering chunk 21/78
Rendering chunk 28/78
Rendering chunk 35/78
Rendering chunk 42/78
Rendering chunk 49/78
Rendering chunk 56/78
Rendering chunk 63/78
Rendering chunk 70/78
Rendering chunk 77/78
Rendered in 28.617s
Evaluating image 116/200
Rendering chunk 0/78
Rendering chunk 7/78
Rendering chunk 14/78
Rendering chunk 21/78
Rendering chunk 28/78
Rendering chunk 35/78
Rendering chunk 42/78
Rendering chunk 49/78
Rendering chunk 56/78
Rendering chunk 63/78
Rendering chunk 70/78
Rendering chunk 77/78
Rendered in 28.701s
Evaluating image 117/200
Rendering chunk 0/78
Rendering chunk 7/78
Rendering chunk 14/78
Rendering chunk 21/78
Rendering chunk 28/78
Rendering chunk 35/78
Rendering chunk 42/78
Rendering chunk 49/78
Rendering chunk 56/78
Rendering chunk 63/78
Rendering chunk 70/78
Rendering chunk 77/78
Rendered in 28.646s
Evaluating image 118/200
Rendering chunk 0/78
Rendering chunk 7/78
Rendering chunk 14/78
Rendering chunk 21/78
Rendering chunk 28/78
Rendering chunk 35/78
Rendering chunk 42/78
Rendering chunk 49/78
Rendering chunk 56/78
Rendering chunk 63/78
Rendering chunk 70/78
Rendering chunk 77/78
Rendered in 28.653s
Evaluating image 119/200
Rendering chunk 0/78
Rendering chunk 7/78
Rendering chunk 14/78
Rendering chunk 21/78
Rendering chunk 28/78
Rendering chunk 35/78
Rendering chunk 42/78
Rendering chunk 49/78
Rendering chunk 56/78
Rendering chunk 63/78
Rendering chunk 70/78
Rendering chunk 77/78
Rendered in 28.696s
Evaluating image 120/200
Rendering chunk 0/78
Rendering chunk 7/78
Rendering chunk 14/78
Rendering chunk 21/78
Rendering chunk 28/78
Rendering chunk 35/78
Rendering chunk 42/78
Rendering chunk 49/78
Rendering chunk 56/78
Rendering chunk 63/78
Rendering chunk 70/78
Rendering chunk 77/78
Rendered in 28.686s
Evaluating image 121/200
Rendering chunk 0/78
Rendering chunk 7/78
Rendering chunk 14/78
Rendering chunk 21/78
Rendering chunk 28/78
Rendering chunk 35/78
Rendering chunk 42/78
Rendering chunk 49/78
Rendering chunk 56/78
Rendering chunk 63/78
Rendering chunk 70/78
Rendering chunk 77/78
Rendered in 28.682s
Evaluating image 122/200
Rendering chunk 0/78
Rendering chunk 7/78
Rendering chunk 14/78
Rendering chunk 21/78
Rendering chunk 28/78
Rendering chunk 35/78
Rendering chunk 42/78
Rendering chunk 49/78
Rendering chunk 56/78
Rendering chunk 63/78
Rendering chunk 70/78
Rendering chunk 77/78
Rendered in 28.633s
Evaluating image 123/200
Rendering chunk 0/78
Rendering chunk 7/78
Rendering chunk 14/78
Rendering chunk 21/78
Rendering chunk 28/78
Rendering chunk 35/78
Rendering chunk 42/78
Rendering chunk 49/78
Rendering chunk 56/78
Rendering chunk 63/78
Rendering chunk 70/78
Rendering chunk 77/78
Rendered in 28.731s
Evaluating image 124/200
Rendering chunk 0/78
Rendering chunk 7/78
Rendering chunk 14/78
Rendering chunk 21/78
Rendering chunk 28/78
Rendering chunk 35/78
Rendering chunk 42/78
Rendering chunk 49/78
Rendering chunk 56/78
Rendering chunk 63/78
Rendering chunk 70/78
Rendering chunk 77/78
Rendered in 28.694s
Evaluating image 125/200
Rendering chunk 0/78
Rendering chunk 7/78
Rendering chunk 14/78
Rendering chunk 21/78
Rendering chunk 28/78
Rendering chunk 35/78
Rendering chunk 42/78
Rendering chunk 49/78
Rendering chunk 56/78
Rendering chunk 63/78
Rendering chunk 70/78
Rendering chunk 77/78
Rendered in 28.633s
Evaluating image 126/200
Rendering chunk 0/78
Rendering chunk 7/78
Rendering chunk 14/78
Rendering chunk 21/78
Rendering chunk 28/78
Rendering chunk 35/78
Rendering chunk 42/78
Rendering chunk 49/78
Rendering chunk 56/78
Rendering chunk 63/78
Rendering chunk 70/78
Rendering chunk 77/78
Rendered in 28.703s
Evaluating image 127/200
Rendering chunk 0/78
Rendering chunk 7/78
Rendering chunk 14/78
Rendering chunk 21/78
Rendering chunk 28/78
Rendering chunk 35/78
Rendering chunk 42/78
Rendering chunk 49/78
Rendering chunk 56/78
Rendering chunk 63/78
Rendering chunk 70/78
Rendering chunk 77/78
Rendered in 28.675s
Evaluating image 128/200
Rendering chunk 0/78
Rendering chunk 7/78
Rendering chunk 14/78
Rendering chunk 21/78
Rendering chunk 28/78
Rendering chunk 35/78
Rendering chunk 42/78
Rendering chunk 49/78
Rendering chunk 56/78
Rendering chunk 63/78
Rendering chunk 70/78
Rendering chunk 77/78
Rendered in 28.654s
Evaluating image 129/200
Rendering chunk 0/78
Rendering chunk 7/78
Rendering chunk 14/78
Rendering chunk 21/78
Rendering chunk 28/78
Rendering chunk 35/78
Rendering chunk 42/78
Rendering chunk 49/78
Rendering chunk 56/78
Rendering chunk 63/78
Rendering chunk 70/78
Rendering chunk 77/78
Rendered in 28.684s
Evaluating image 130/200
Rendering chunk 0/78
Rendering chunk 7/78
Rendering chunk 14/78
Rendering chunk 21/78
Rendering chunk 28/78
Rendering chunk 35/78
Rendering chunk 42/78
Rendering chunk 49/78
Rendering chunk 56/78
Rendering chunk 63/78
Rendering chunk 70/78
Rendering chunk 77/78
Rendered in 28.697s
Evaluating image 131/200
Rendering chunk 0/78
Rendering chunk 7/78
Rendering chunk 14/78
Rendering chunk 21/78
Rendering chunk 28/78
Rendering chunk 35/78
Rendering chunk 42/78
Rendering chunk 49/78
Rendering chunk 56/78
Rendering chunk 63/78
Rendering chunk 70/78
Rendering chunk 77/78
Rendered in 28.677s
Evaluating image 132/200
Rendering chunk 0/78
Rendering chunk 7/78
Rendering chunk 14/78
Rendering chunk 21/78
Rendering chunk 28/78
Rendering chunk 35/78
Rendering chunk 42/78
Rendering chunk 49/78
Rendering chunk 56/78
Rendering chunk 63/78
Rendering chunk 70/78
Rendering chunk 77/78
Rendered in 28.643s
Evaluating image 133/200
Rendering chunk 0/78
Rendering chunk 7/78
Rendering chunk 14/78
Rendering chunk 21/78
Rendering chunk 28/78
Rendering chunk 35/78
Rendering chunk 42/78
Rendering chunk 49/78
Rendering chunk 56/78
Rendering chunk 63/78
Rendering chunk 70/78
Rendering chunk 77/78
Rendered in 28.688s
Evaluating image 134/200
Rendering chunk 0/78
Rendering chunk 7/78
Rendering chunk 14/78
Rendering chunk 21/78
Rendering chunk 28/78
Rendering chunk 35/78
Rendering chunk 42/78
Rendering chunk 49/78
Rendering chunk 56/78
Rendering chunk 63/78
Rendering chunk 70/78
Rendering chunk 77/78
Rendered in 28.648s
Evaluating image 135/200
Rendering chunk 0/78
Rendering chunk 7/78
Rendering chunk 14/78
Rendering chunk 21/78
Rendering chunk 28/78
Rendering chunk 35/78
Rendering chunk 42/78
Rendering chunk 49/78
Rendering chunk 56/78
Rendering chunk 63/78
Rendering chunk 70/78
Rendering chunk 77/78
Rendered in 28.655s
Evaluating image 136/200
Rendering chunk 0/78
Rendering chunk 7/78
Rendering chunk 14/78
Rendering chunk 21/78
Rendering chunk 28/78
Rendering chunk 35/78
Rendering chunk 42/78
Rendering chunk 49/78
Rendering chunk 56/78
Rendering chunk 63/78
Rendering chunk 70/78
Rendering chunk 77/78
Rendered in 28.707s
Evaluating image 137/200
Rendering chunk 0/78
Rendering chunk 7/78
Rendering chunk 14/78
Rendering chunk 21/78
Rendering chunk 28/78
Rendering chunk 35/78
Rendering chunk 42/78
Rendering chunk 49/78
Rendering chunk 56/78
Rendering chunk 63/78
Rendering chunk 70/78
Rendering chunk 77/78
Rendered in 28.682s
Evaluating image 138/200
Rendering chunk 0/78
Rendering chunk 7/78
Rendering chunk 14/78
Rendering chunk 21/78
Rendering chunk 28/78
Rendering chunk 35/78
Rendering chunk 42/78
Rendering chunk 49/78
Rendering chunk 56/78
Rendering chunk 63/78
Rendering chunk 70/78
Rendering chunk 77/78
Rendered in 28.667s
Evaluating image 139/200
Rendering chunk 0/78
Rendering chunk 7/78
Rendering chunk 14/78
Rendering chunk 21/78
Rendering chunk 28/78
Rendering chunk 35/78
Rendering chunk 42/78
Rendering chunk 49/78
Rendering chunk 56/78
Rendering chunk 63/78
Rendering chunk 70/78
Rendering chunk 77/78
Rendered in 28.700s
Evaluating image 140/200
Rendering chunk 0/78
Rendering chunk 7/78
Rendering chunk 14/78
Rendering chunk 21/78
Rendering chunk 28/78
Rendering chunk 35/78
Rendering chunk 42/78
Rendering chunk 49/78
Rendering chunk 56/78
Rendering chunk 63/78
Rendering chunk 70/78
Rendering chunk 77/78
Rendered in 28.638s
Evaluating image 141/200
Rendering chunk 0/78
Rendering chunk 7/78
Rendering chunk 14/78
Rendering chunk 21/78
Rendering chunk 28/78
Rendering chunk 35/78
Rendering chunk 42/78
Rendering chunk 49/78
Rendering chunk 56/78
Rendering chunk 63/78
Rendering chunk 70/78
Rendering chunk 77/78
Rendered in 28.622s
Evaluating image 142/200
Rendering chunk 0/78
Rendering chunk 7/78
Rendering chunk 14/78
Rendering chunk 21/78
Rendering chunk 28/78
Rendering chunk 35/78
Rendering chunk 42/78
Rendering chunk 49/78
Rendering chunk 56/78
Rendering chunk 63/78
Rendering chunk 70/78
Rendering chunk 77/78
Rendered in 28.708s
Evaluating image 143/200
Rendering chunk 0/78
Rendering chunk 7/78
Rendering chunk 14/78
Rendering chunk 21/78
Rendering chunk 28/78
Rendering chunk 35/78
Rendering chunk 42/78
Rendering chunk 49/78
Rendering chunk 56/78
Rendering chunk 63/78
Rendering chunk 70/78
Rendering chunk 77/78
Rendered in 28.642s
Evaluating image 144/200
Rendering chunk 0/78
Rendering chunk 7/78
Rendering chunk 14/78
Rendering chunk 21/78
Rendering chunk 28/78
Rendering chunk 35/78
Rendering chunk 42/78
Rendering chunk 49/78
Rendering chunk 56/78
Rendering chunk 63/78
Rendering chunk 70/78
Rendering chunk 77/78
Rendered in 28.657s
Evaluating image 145/200
Rendering chunk 0/78
Rendering chunk 7/78
Rendering chunk 14/78
Rendering chunk 21/78
Rendering chunk 28/78
Rendering chunk 35/78
Rendering chunk 42/78
Rendering chunk 49/78
Rendering chunk 56/78
Rendering chunk 63/78
Rendering chunk 70/78
Rendering chunk 77/78
Rendered in 28.661s
Evaluating image 146/200
Rendering chunk 0/78
Rendering chunk 7/78
Rendering chunk 14/78
Rendering chunk 21/78
Rendering chunk 28/78
Rendering chunk 35/78
Rendering chunk 42/78
Rendering chunk 49/78
Rendering chunk 56/78
Rendering chunk 63/78
Rendering chunk 70/78
Rendering chunk 77/78
Rendered in 28.643s
Evaluating image 147/200
Rendering chunk 0/78
Rendering chunk 7/78
Rendering chunk 14/78
Rendering chunk 21/78
Rendering chunk 28/78
Rendering chunk 35/78
Rendering chunk 42/78
Rendering chunk 49/78
Rendering chunk 56/78
Rendering chunk 63/78
Rendering chunk 70/78
Rendering chunk 77/78
Rendered in 28.602s
Evaluating image 148/200
Rendering chunk 0/78
Rendering chunk 7/78
Rendering chunk 14/78
Rendering chunk 21/78
Rendering chunk 28/78
Rendering chunk 35/78
Rendering chunk 42/78
Rendering chunk 49/78
Rendering chunk 56/78
Rendering chunk 63/78
Rendering chunk 70/78
Rendering chunk 77/78
Rendered in 28.666s
Evaluating image 149/200
Rendering chunk 0/78
Rendering chunk 7/78
Rendering chunk 14/78
Rendering chunk 21/78
Rendering chunk 28/78
Rendering chunk 35/78
Rendering chunk 42/78
Rendering chunk 49/78
Rendering chunk 56/78
Rendering chunk 63/78
Rendering chunk 70/78
Rendering chunk 77/78
Rendered in 28.617s
Evaluating image 150/200
Rendering chunk 0/78
Rendering chunk 7/78
Rendering chunk 14/78
Rendering chunk 21/78
Rendering chunk 28/78
Rendering chunk 35/78
Rendering chunk 42/78
Rendering chunk 49/78
Rendering chunk 56/78
Rendering chunk 63/78
Rendering chunk 70/78
Rendering chunk 77/78
Rendered in 28.600s
Evaluating image 151/200
Rendering chunk 0/78
Rendering chunk 7/78
Rendering chunk 14/78
Rendering chunk 21/78
Rendering chunk 28/78
Rendering chunk 35/78
Rendering chunk 42/78
Rendering chunk 49/78
Rendering chunk 56/78
Rendering chunk 63/78
Rendering chunk 70/78
Rendering chunk 77/78
Rendered in 28.641s
Evaluating image 152/200
Rendering chunk 0/78
Rendering chunk 7/78
Rendering chunk 14/78
Rendering chunk 21/78
Rendering chunk 28/78
Rendering chunk 35/78
Rendering chunk 42/78
Rendering chunk 49/78
Rendering chunk 56/78
Rendering chunk 63/78
Rendering chunk 70/78
Rendering chunk 77/78
Rendered in 28.608s
Evaluating image 153/200
Rendering chunk 0/78
Rendering chunk 7/78
Rendering chunk 14/78
Rendering chunk 21/78
Rendering chunk 28/78
Rendering chunk 35/78
Rendering chunk 42/78
Rendering chunk 49/78
Rendering chunk 56/78
Rendering chunk 63/78
Rendering chunk 70/78
Rendering chunk 77/78
Rendered in 28.663s
Evaluating image 154/200
Rendering chunk 0/78
Rendering chunk 7/78
Rendering chunk 14/78
Rendering chunk 21/78
Rendering chunk 28/78
Rendering chunk 35/78
Rendering chunk 42/78
Rendering chunk 49/78
Rendering chunk 56/78
Rendering chunk 63/78
Rendering chunk 70/78
Rendering chunk 77/78
Rendered in 28.673s
Evaluating image 155/200
Rendering chunk 0/78
Rendering chunk 7/78
Rendering chunk 14/78
Rendering chunk 21/78
Rendering chunk 28/78
Rendering chunk 35/78
Rendering chunk 42/78
Rendering chunk 49/78
Rendering chunk 56/78
Rendering chunk 63/78
Rendering chunk 70/78
Rendering chunk 77/78
Rendered in 28.635s
Evaluating image 156/200
Rendering chunk 0/78
Rendering chunk 7/78
Rendering chunk 14/78
Rendering chunk 21/78
Rendering chunk 28/78
Rendering chunk 35/78
Rendering chunk 42/78
Rendering chunk 49/78
Rendering chunk 56/78
Rendering chunk 63/78
Rendering chunk 70/78
Rendering chunk 77/78
Rendered in 28.667s
Evaluating image 157/200
Rendering chunk 0/78
Rendering chunk 7/78
Rendering chunk 14/78
Rendering chunk 21/78
Rendering chunk 28/78
Rendering chunk 35/78
Rendering chunk 42/78
Rendering chunk 49/78
Rendering chunk 56/78
Rendering chunk 63/78
Rendering chunk 70/78
Rendering chunk 77/78
Rendered in 28.670s
Evaluating image 158/200
Rendering chunk 0/78
Rendering chunk 7/78
Rendering chunk 14/78
Rendering chunk 21/78
Rendering chunk 28/78
Rendering chunk 35/78
Rendering chunk 42/78
Rendering chunk 49/78
Rendering chunk 56/78
Rendering chunk 63/78
Rendering chunk 70/78
Rendering chunk 77/78
Rendered in 28.681s
Evaluating image 159/200
Rendering chunk 0/78
Rendering chunk 7/78
Rendering chunk 14/78
Rendering chunk 21/78
Rendering chunk 28/78
Rendering chunk 35/78
Rendering chunk 42/78
Rendering chunk 49/78
Rendering chunk 56/78
Rendering chunk 63/78
Rendering chunk 70/78
Rendering chunk 77/78
Rendered in 28.672s
Evaluating image 160/200
Rendering chunk 0/78
Rendering chunk 7/78
Rendering chunk 14/78
Rendering chunk 21/78
Rendering chunk 28/78
Rendering chunk 35/78
Rendering chunk 42/78
Rendering chunk 49/78
Rendering chunk 56/78
Rendering chunk 63/78
Rendering chunk 70/78
Rendering chunk 77/78
Rendered in 28.721s
Evaluating image 161/200
Rendering chunk 0/78
Rendering chunk 7/78
Rendering chunk 14/78
Rendering chunk 21/78
Rendering chunk 28/78
Rendering chunk 35/78
Rendering chunk 42/78
Rendering chunk 49/78
Rendering chunk 56/78
Rendering chunk 63/78
Rendering chunk 70/78
Rendering chunk 77/78
Rendered in 28.653s
Evaluating image 162/200
Rendering chunk 0/78
Rendering chunk 7/78
Rendering chunk 14/78
Rendering chunk 21/78
Rendering chunk 28/78
Rendering chunk 35/78
Rendering chunk 42/78
Rendering chunk 49/78
Rendering chunk 56/78
Rendering chunk 63/78
Rendering chunk 70/78
Rendering chunk 77/78
Rendered in 28.662s
Evaluating image 163/200
Rendering chunk 0/78
Rendering chunk 7/78
Rendering chunk 14/78
Rendering chunk 21/78
Rendering chunk 28/78
Rendering chunk 35/78
Rendering chunk 42/78
Rendering chunk 49/78
Rendering chunk 56/78
Rendering chunk 63/78
Rendering chunk 70/78
Rendering chunk 77/78
Rendered in 28.696s
Evaluating image 164/200
Rendering chunk 0/78
Rendering chunk 7/78
Rendering chunk 14/78
Rendering chunk 21/78
Rendering chunk 28/78
Rendering chunk 35/78
Rendering chunk 42/78
Rendering chunk 49/78
Rendering chunk 56/78
Rendering chunk 63/78
Rendering chunk 70/78
Rendering chunk 77/78
Rendered in 28.659s
Evaluating image 165/200
Rendering chunk 0/78
Rendering chunk 7/78
Rendering chunk 14/78
Rendering chunk 21/78
Rendering chunk 28/78
Rendering chunk 35/78
Rendering chunk 42/78
Rendering chunk 49/78
Rendering chunk 56/78
Rendering chunk 63/78
Rendering chunk 70/78
Rendering chunk 77/78
Rendered in 28.631s
Evaluating image 166/200
Rendering chunk 0/78
Rendering chunk 7/78
Rendering chunk 14/78
Rendering chunk 21/78
Rendering chunk 28/78
Rendering chunk 35/78
Rendering chunk 42/78
Rendering chunk 49/78
Rendering chunk 56/78
Rendering chunk 63/78
Rendering chunk 70/78
Rendering chunk 77/78
Rendered in 28.713s
Evaluating image 167/200
Rendering chunk 0/78
Rendering chunk 7/78
Rendering chunk 14/78
Rendering chunk 21/78
Rendering chunk 28/78
Rendering chunk 35/78
Rendering chunk 42/78
Rendering chunk 49/78
Rendering chunk 56/78
Rendering chunk 63/78
Rendering chunk 70/78
Rendering chunk 77/78
Rendered in 28.646s
Evaluating image 168/200
Rendering chunk 0/78
Rendering chunk 7/78
Rendering chunk 14/78
Rendering chunk 21/78
Rendering chunk 28/78
Rendering chunk 35/78
Rendering chunk 42/78
Rendering chunk 49/78
Rendering chunk 56/78
Rendering chunk 63/78
Rendering chunk 70/78
Rendering chunk 77/78
Rendered in 28.660s
Evaluating image 169/200
Rendering chunk 0/78
Rendering chunk 7/78
Rendering chunk 14/78
Rendering chunk 21/78
Rendering chunk 28/78
Rendering chunk 35/78
Rendering chunk 42/78
Rendering chunk 49/78
Rendering chunk 56/78
Rendering chunk 63/78
Rendering chunk 70/78
Rendering chunk 77/78
Rendered in 28.731s
Evaluating image 170/200
Rendering chunk 0/78
Rendering chunk 7/78
Rendering chunk 14/78
Rendering chunk 21/78
Rendering chunk 28/78
Rendering chunk 35/78
Rendering chunk 42/78
Rendering chunk 49/78
Rendering chunk 56/78
Rendering chunk 63/78
Rendering chunk 70/78
Rendering chunk 77/78
Rendered in 28.712s
Evaluating image 171/200
Rendering chunk 0/78
Rendering chunk 7/78
Rendering chunk 14/78
Rendering chunk 21/78
Rendering chunk 28/78
Rendering chunk 35/78
Rendering chunk 42/78
Rendering chunk 49/78
Rendering chunk 56/78
Rendering chunk 63/78
Rendering chunk 70/78
Rendering chunk 77/78
Rendered in 28.664s
Evaluating image 172/200
Rendering chunk 0/78
Rendering chunk 7/78
Rendering chunk 14/78
Rendering chunk 21/78
Rendering chunk 28/78
Rendering chunk 35/78
Rendering chunk 42/78
Rendering chunk 49/78
Rendering chunk 56/78
Rendering chunk 63/78
Rendering chunk 70/78
Rendering chunk 77/78
Rendered in 28.725s
Evaluating image 173/200
Rendering chunk 0/78
Rendering chunk 7/78
Rendering chunk 14/78
Rendering chunk 21/78
Rendering chunk 28/78
Rendering chunk 35/78
Rendering chunk 42/78
Rendering chunk 49/78
Rendering chunk 56/78
Rendering chunk 63/78
Rendering chunk 70/78
Rendering chunk 77/78
Rendered in 28.651s
Evaluating image 174/200
Rendering chunk 0/78
Rendering chunk 7/78
Rendering chunk 14/78
Rendering chunk 21/78
Rendering chunk 28/78
Rendering chunk 35/78
Rendering chunk 42/78
Rendering chunk 49/78
Rendering chunk 56/78
Rendering chunk 63/78
Rendering chunk 70/78
Rendering chunk 77/78
Rendered in 28.677s
Evaluating image 175/200
Rendering chunk 0/78
Rendering chunk 7/78
Rendering chunk 14/78
Rendering chunk 21/78
Rendering chunk 28/78
Rendering chunk 35/78
Rendering chunk 42/78
Rendering chunk 49/78
Rendering chunk 56/78
Rendering chunk 63/78
Rendering chunk 70/78
Rendering chunk 77/78
Rendered in 28.716s
Evaluating image 176/200
Rendering chunk 0/78
Rendering chunk 7/78
Rendering chunk 14/78
Rendering chunk 21/78
Rendering chunk 28/78
Rendering chunk 35/78
Rendering chunk 42/78
Rendering chunk 49/78
Rendering chunk 56/78
Rendering chunk 63/78
Rendering chunk 70/78
Rendering chunk 77/78
Rendered in 28.675s
Evaluating image 177/200
Rendering chunk 0/78
Rendering chunk 7/78
Rendering chunk 14/78
Rendering chunk 21/78
Rendering chunk 28/78
Rendering chunk 35/78
Rendering chunk 42/78
Rendering chunk 49/78
Rendering chunk 56/78
Rendering chunk 63/78
Rendering chunk 70/78
Rendering chunk 77/78
Rendered in 28.698s
Evaluating image 178/200
Rendering chunk 0/78
Rendering chunk 7/78
Rendering chunk 14/78
Rendering chunk 21/78
Rendering chunk 28/78
Rendering chunk 35/78
Rendering chunk 42/78
Rendering chunk 49/78
Rendering chunk 56/78
Rendering chunk 63/78
Rendering chunk 70/78
Rendering chunk 77/78
Rendered in 28.728s
Evaluating image 179/200
Rendering chunk 0/78
Rendering chunk 7/78
Rendering chunk 14/78
Rendering chunk 21/78
Rendering chunk 28/78
Rendering chunk 35/78
Rendering chunk 42/78
Rendering chunk 49/78
Rendering chunk 56/78
Rendering chunk 63/78
Rendering chunk 70/78
Rendering chunk 77/78
Rendered in 28.659s
Evaluating image 180/200
Rendering chunk 0/78
Rendering chunk 7/78
Rendering chunk 14/78
Rendering chunk 21/78
Rendering chunk 28/78
Rendering chunk 35/78
Rendering chunk 42/78
Rendering chunk 49/78
Rendering chunk 56/78
Rendering chunk 63/78
Rendering chunk 70/78
Rendering chunk 77/78
Rendered in 28.669s
Evaluating image 181/200
Rendering chunk 0/78
Rendering chunk 7/78
Rendering chunk 14/78
Rendering chunk 21/78
Rendering chunk 28/78
Rendering chunk 35/78
Rendering chunk 42/78
Rendering chunk 49/78
Rendering chunk 56/78
Rendering chunk 63/78
Rendering chunk 70/78
Rendering chunk 77/78
Rendered in 28.712s
Evaluating image 182/200
Rendering chunk 0/78
Rendering chunk 7/78
Rendering chunk 14/78
Rendering chunk 21/78
Rendering chunk 28/78
Rendering chunk 35/78
Rendering chunk 42/78
Rendering chunk 49/78
Rendering chunk 56/78
Rendering chunk 63/78
Rendering chunk 70/78
Rendering chunk 77/78
Rendered in 28.661s
Evaluating image 183/200
Rendering chunk 0/78
Rendering chunk 7/78
Rendering chunk 14/78
Rendering chunk 21/78
Rendering chunk 28/78
Rendering chunk 35/78
Rendering chunk 42/78
Rendering chunk 49/78
Rendering chunk 56/78
Rendering chunk 63/78
Rendering chunk 70/78
Rendering chunk 77/78
Rendered in 28.657s
Evaluating image 184/200
Rendering chunk 0/78
Rendering chunk 7/78
Rendering chunk 14/78
Rendering chunk 21/78
Rendering chunk 28/78
Rendering chunk 35/78
Rendering chunk 42/78
Rendering chunk 49/78
Rendering chunk 56/78
Rendering chunk 63/78
Rendering chunk 70/78
Rendering chunk 77/78
Rendered in 28.714s
Evaluating image 185/200
Rendering chunk 0/78
Rendering chunk 7/78
Rendering chunk 14/78
Rendering chunk 21/78
Rendering chunk 28/78
Rendering chunk 35/78
Rendering chunk 42/78
Rendering chunk 49/78
Rendering chunk 56/78
Rendering chunk 63/78
Rendering chunk 70/78
Rendering chunk 77/78
Rendered in 28.661s
Evaluating image 186/200
Rendering chunk 0/78
Rendering chunk 7/78
Rendering chunk 14/78
Rendering chunk 21/78
Rendering chunk 28/78
Rendering chunk 35/78
Rendering chunk 42/78
Rendering chunk 49/78
Rendering chunk 56/78
Rendering chunk 63/78
Rendering chunk 70/78
Rendering chunk 77/78
Rendered in 28.657s
Evaluating image 187/200
Rendering chunk 0/78
Rendering chunk 7/78
Rendering chunk 14/78
Rendering chunk 21/78
Rendering chunk 28/78
Rendering chunk 35/78
Rendering chunk 42/78
Rendering chunk 49/78
Rendering chunk 56/78
Rendering chunk 63/78
Rendering chunk 70/78
Rendering chunk 77/78
Rendered in 28.687s
Evaluating image 188/200
Rendering chunk 0/78
Rendering chunk 7/78
Rendering chunk 14/78
Rendering chunk 21/78
Rendering chunk 28/78
Rendering chunk 35/78
Rendering chunk 42/78
Rendering chunk 49/78
Rendering chunk 56/78
Rendering chunk 63/78
Rendering chunk 70/78
Rendering chunk 77/78
Rendered in 28.646s
Evaluating image 189/200
Rendering chunk 0/78
Rendering chunk 7/78
Rendering chunk 14/78
Rendering chunk 21/78
Rendering chunk 28/78
Rendering chunk 35/78
Rendering chunk 42/78
Rendering chunk 49/78
Rendering chunk 56/78
Rendering chunk 63/78
Rendering chunk 70/78
Rendering chunk 77/78
Rendered in 28.648s
Evaluating image 190/200
Rendering chunk 0/78
Rendering chunk 7/78
Rendering chunk 14/78
Rendering chunk 21/78
Rendering chunk 28/78
Rendering chunk 35/78
Rendering chunk 42/78
Rendering chunk 49/78
Rendering chunk 56/78
Rendering chunk 63/78
Rendering chunk 70/78
Rendering chunk 77/78
Rendered in 28.702s
Evaluating image 191/200
Rendering chunk 0/78
Rendering chunk 7/78
Rendering chunk 14/78
Rendering chunk 21/78
Rendering chunk 28/78
Rendering chunk 35/78
Rendering chunk 42/78
Rendering chunk 49/78
Rendering chunk 56/78
Rendering chunk 63/78
Rendering chunk 70/78
Rendering chunk 77/78
Rendered in 28.648s
Evaluating image 192/200
Rendering chunk 0/78
Rendering chunk 7/78
Rendering chunk 14/78
Rendering chunk 21/78
Rendering chunk 28/78
Rendering chunk 35/78
Rendering chunk 42/78
Rendering chunk 49/78
Rendering chunk 56/78
Rendering chunk 63/78
Rendering chunk 70/78
Rendering chunk 77/78
Rendered in 28.728s
Evaluating image 193/200
Rendering chunk 0/78
Rendering chunk 7/78
Rendering chunk 14/78
Rendering chunk 21/78
Rendering chunk 28/78
Rendering chunk 35/78
Rendering chunk 42/78
Rendering chunk 49/78
Rendering chunk 56/78
Rendering chunk 63/78
Rendering chunk 70/78
Rendering chunk 77/78
Rendered in 28.705s
Evaluating image 194/200
Rendering chunk 0/78
Rendering chunk 7/78
Rendering chunk 14/78
Rendering chunk 21/78
Rendering chunk 28/78
Rendering chunk 35/78
Rendering chunk 42/78
Rendering chunk 49/78
Rendering chunk 56/78
Rendering chunk 63/78
Rendering chunk 70/78
Rendering chunk 77/78
Rendered in 28.666s
Evaluating image 195/200
Rendering chunk 0/78
Rendering chunk 7/78
Rendering chunk 14/78
Rendering chunk 21/78
Rendering chunk 28/78
Rendering chunk 35/78
Rendering chunk 42/78
Rendering chunk 49/78
Rendering chunk 56/78
Rendering chunk 63/78
Rendering chunk 70/78
Rendering chunk 77/78
Rendered in 28.641s
Evaluating image 196/200
Rendering chunk 0/78
Rendering chunk 7/78
Rendering chunk 14/78
Rendering chunk 21/78
Rendering chunk 28/78
Rendering chunk 35/78
Rendering chunk 42/78
Rendering chunk 49/78
Rendering chunk 56/78
Rendering chunk 63/78
Rendering chunk 70/78
Rendering chunk 77/78
Rendered in 28.706s
Evaluating image 197/200
Rendering chunk 0/78
Rendering chunk 7/78
Rendering chunk 14/78
Rendering chunk 21/78
Rendering chunk 28/78
Rendering chunk 35/78
Rendering chunk 42/78
Rendering chunk 49/78
Rendering chunk 56/78
Rendering chunk 63/78
Rendering chunk 70/78
Rendering chunk 77/78
Rendered in 28.661s
Evaluating image 198/200
Rendering chunk 0/78
Rendering chunk 7/78
Rendering chunk 14/78
Rendering chunk 21/78
Rendering chunk 28/78
Rendering chunk 35/78
Rendering chunk 42/78
Rendering chunk 49/78
Rendering chunk 56/78
Rendering chunk 63/78
Rendering chunk 70/78
Rendering chunk 77/78
Rendered in 28.662s
Evaluating image 199/200
Rendering chunk 0/78
Rendering chunk 7/78
Rendering chunk 14/78
Rendering chunk 21/78
Rendering chunk 28/78
Rendering chunk 35/78
Rendering chunk 42/78
Rendering chunk 49/78
Rendering chunk 56/78
Rendering chunk 63/78
Rendering chunk 70/78
Rendering chunk 77/78
Rendered in 28.658s
Evaluating image 200/200
Rendering chunk 0/78
Rendering chunk 7/78
Rendering chunk 14/78
Rendering chunk 21/78
Rendering chunk 28/78
Rendering chunk 35/78
Rendering chunk 42/78
Rendering chunk 49/78
Rendering chunk 56/78
Rendering chunk 63/78
Rendering chunk 70/78
Rendering chunk 77/78
Rendered in 28.646s
All files found, creating videos (job 0).
Video shape is (800, 800)
Making video /scratch/network/smohr/cos526/multinerf/checkpoints/shinyblender/toaster_transformer/render/toaster_transformer_shinyblender_test_preds_step_50000_color.mp4...
Making video /scratch/network/smohr/cos526/multinerf/checkpoints/shinyblender/toaster_transformer/render/toaster_transformer_shinyblender_test_preds_step_50000_normals.mp4...
Making video /scratch/network/smohr/cos526/multinerf/checkpoints/shinyblender/toaster_transformer/render/toaster_transformer_shinyblender_test_preds_step_50000_acc.mp4...
Making video /scratch/network/smohr/cos526/multinerf/checkpoints/shinyblender/toaster_transformer/render/toaster_transformer_shinyblender_test_preds_step_50000_distance_mean.mp4...
Making video /scratch/network/smohr/cos526/multinerf/checkpoints/shinyblender/toaster_transformer/render/toaster_transformer_shinyblender_test_preds_step_50000_distance_median.mp4...
[2. 2.]
